Determining if the pthread_create exist failed with the following output:
Change Dir: /home/thori/ccccc/build/CMakeFiles/CMakeTmp

Run Build Command:"/usr/bin/make" "cmTC_aa120/fast"
/usr/bin/make -f CMakeFiles/cmTC_aa120.dir/build.make CMakeFiles/cmTC_aa120.dir/build
make[1]: ディレクトリ '/home/thori/ccccc/build/CMakeFiles/CMakeTmp' に入ります
Building C object CMakeFiles/cmTC_aa120.dir/CheckSymbolExists.c.o
/usr/bin/cc    -o CMakeFiles/cmTC_aa120.dir/CheckSymbolExists.c.o   -c /home/thori/ccccc/build/CMakeFiles/CMakeTmp/CheckSymbolExists.c
Linking C executable cmTC_aa120
/usr/bin/cmake -E cmake_link_script CMakeFiles/cmTC_aa120.dir/link.txt --verbose=1
/usr/bin/cc      -rdynamic CMakeFiles/cmTC_aa120.dir/CheckSymbolExists.c.o  -o cmTC_aa120 
CMakeFiles/cmTC_aa120.dir/CheckSymbolExists.c.o: 関数 `main' 内:
CheckSymbolExists.c:(.text+0x1b): `pthread_create' に対する定義されていない参照です
collect2: error: ld returned 1 exit status
CMakeFiles/cmTC_aa120.dir/build.make:97: recipe for target 'cmTC_aa120' failed
make[1]: *** [cmTC_aa120] Error 1
make[1]: ディレクトリ '/home/thori/ccccc/build/CMakeFiles/CMakeTmp' から出ます
Makefile:126: recipe for target 'cmTC_aa120/fast' failed
make: *** [cmTC_aa120/fast] Error 2

File /home/thori/ccccc/build/CMakeFiles/CMakeTmp/CheckSymbolExists.c:
/* */
#include <pthread.h>

int main(int argc, char** argv)
{
  (void)argv;
#ifndef pthread_create
  return ((int*)(&pthread_create))[argc];
#else
  (void)argc;
  return 0;
#endif
}

Determining if the function pthread_create exists in the pthreads failed with the following output:
Change Dir: /home/thori/ccccc/build/CMakeFiles/CMakeTmp

Run Build Command:"/usr/bin/make" "cmTC_f692f/fast"
/usr/bin/make -f CMakeFiles/cmTC_f692f.dir/build.make CMakeFiles/cmTC_f692f.dir/build
make[1]: ディレクトリ '/home/thori/ccccc/build/CMakeFiles/CMakeTmp' に入ります
Building C object CMakeFiles/cmTC_f692f.dir/CheckFunctionExists.c.o
/usr/bin/cc   -DCHECK_FUNCTION_EXISTS=pthread_create   -o CMakeFiles/cmTC_f692f.dir/CheckFunctionExists.c.o   -c /usr/share/cmake-3.10/Modules/CheckFunctionExists.c
Linking C executable cmTC_f692f
/usr/bin/cmake -E cmake_link_script CMakeFiles/cmTC_f692f.dir/link.txt --verbose=1
/usr/bin/cc  -DCHECK_FUNCTION_EXISTS=pthread_create    -rdynamic CMakeFiles/cmTC_f692f.dir/CheckFunctionExists.c.o  -o cmTC_f692f -lpthreads 
/usr/bin/ld: -lpthreads が見つかりません
collect2: error: ld returned 1 exit status
CMakeFiles/cmTC_f692f.dir/build.make:97: recipe for target 'cmTC_f692f' failed
make[1]: *** [cmTC_f692f] Error 1
make[1]: ディレクトリ '/home/thori/ccccc/build/CMakeFiles/CMakeTmp' から出ます
Makefile:126: recipe for target 'cmTC_f692f/fast' failed
make: *** [cmTC_f692f/fast] Error 2


